
--- Testing Griffin ---
  Epoch 1/3 - Recall-zone Train Loss: 1.9957
  Epoch 2/3 - Recall-zone Train Loss: 1.6705
  Epoch 3/3 - Recall-zone Train Loss: 1.6578
  Val Recall-zone Loss: 1.6101  Perplexity: 5.0031
  Baseline random perplexity = 5 (5 needle values, uniform guess)
[SAVED] Griffin

--- Testing Hawk ---
  Epoch 1/3 - Recall-zone Train Loss: 2.2154
  Epoch 2/3 - Recall-zone Train Loss: 1.7650
  Epoch 3/3 - Recall-zone Train Loss: 1.6705
  Val Recall-zone Loss: 1.6410  Perplexity: 5.1604
  Baseline random perplexity = 5 (5 needle values, uniform guess)
[SAVED] Hawk

--- Testing Local Attention ---
  Epoch 1/3 - Recall-zone Train Loss: 1.8947
  Epoch 2/3 - Recall-zone Train Loss: 1.6600
  Epoch 3/3 - Recall-zone Train Loss: 1.6352
  Val Recall-zone Loss: 1.5957  Perplexity: 4.9316
  Baseline random perplexity = 5 (5 needle values, uniform guess)
[SAVED] Local Attention

=== ALL DONE ===
aan_long_range results:
  Griffin: perplexity = 5.003073692321777
  Hawk: perplexity = 5.160436153411865
  Local Attention: perplexity = 4.931637763977051
